<?xml version="1.0" encoding="UTF-8"?>
<!-- Generated by org.testng.reporters.JUnitReportReporter -->
<testsuite hostname="Aryan-PC" name="testclass.TestWindow" tests="1" failures="0" timestamp="10 Apr 2016 16:40:09 GMT" time="10.660" errors="0">
  <testcase name="testAllWindow" time="10.660" classname="testclass.TestWindow"/>
</testsuite> <!-- testclass.TestWindow -->
