<?xml version="1.0" encoding="UTF-8"?>
<!-- Generated by org.testng.reporters.JUnitReportReporter -->
<testsuite hostname="Aryan-PC" name="com.Expedia.tests.BasepageTest" tests="1" failures="0" timestamp="15 Mar 2016 05:38:22 GMT" time="0.021" errors="0">
  <testcase name="verifyTitle" time="0.021" classname="com.Expedia.tests.BasepageTest"/>
</testsuite> <!-- com.Expedia.tests.BasepageTest -->
