<?xml version="1.0" encoding="UTF-8"?>
<!-- Generated by org.testng.reporters.JUnitReportReporter -->
<testsuite hostname="Aryan-PC" name="testclass.SeleniumTest" tests="1" failures="0" timestamp="15 Apr 2016 04:37:48 GMT" time="57.736" errors="0">
  <testcase name="waitTillPageLoad" time="57.736" classname="testclass.SeleniumTest"/>
</testsuite> <!-- testclass.SeleniumTest -->
