<?xml version="1.0" encoding="UTF-8"?>
<!-- Generated by org.testng.reporters.JUnitReportReporter -->
<testsuite hostname="Aryan-PC" name="UntrustedURLs" tests="1" failures="0" timestamp="12 Feb 2016 05:55:22 GMT" time="17.621" errors="0">
  <testcase name="navigateToURL" time="17.621" classname="UntrustedURLs"/>
</testsuite> <!-- UntrustedURLs -->
