<?xml version="1.0" encoding="UTF-8"?>
<!-- Generated by org.testng.reporters.JUnitReportReporter -->
<testsuite hostname="BSD-PC2964440" name="testPkg.HomepageTest" tests="2" failures="0" timestamp="26 Apr 2016 12:59:50 GMT" time="3.278" errors="0">
  <testcase name="clickLiveScoreLink" time="1.849" classname="testPkg.HomepageTest"/>
  <testcase name="verifyTitle" time="1.429" classname="testPkg.HomepageTest"/>
</testsuite> <!-- testPkg.HomepageTest -->
