<?xml version="1.0" encoding="UTF-8"?>
<!-- Generated by org.testng.reporters.JUnitReportReporter -->
<testsuite hostname="BSD-PC2964440" name="testPkg.HomepageTest" tests="1" failures="0" timestamp="26 Apr 2016 12:10:10 GMT" time="0.718" errors="0">
  <testcase name="verifyTitle" time="0.718" classname="testPkg.HomepageTest"/>
</testsuite> <!-- testPkg.HomepageTest -->
