<?xml version="1.0" encoding="UTF-8"?>
<!-- Generated by org.testng.reporters.JUnitReportReporter -->
<testsuite hostname="Aryan-PC" name="testclass.DemoClass" tests="1" failures="0" timestamp="31 Mar 2016 13:04:52 GMT" time="0.010" errors="0">
  <testcase name="testWindows" time="0.010" classname="testclass.DemoClass"/>
</testsuite> <!-- testclass.DemoClass -->
