<?xml version="1.0" encoding="UTF-8"?>
<!-- Generated by org.testng.reporters.JUnitReportReporter -->
<testsuite hostname="Aryan-PC" name="com.flipkart.tests.BasepageTest" tests="1" failures="0" timestamp="14 Mar 2016 05:53:51 GMT" time="0.015" errors="0">
  <testcase name="verifyTitle" time="0.015" classname="com.flipkart.tests.BasepageTest"/>
</testsuite> <!-- com.flipkart.tests.BasepageTest -->
