<?xml version="1.0" encoding="UTF-8"?>
<!-- Generated by org.testng.reporters.JUnitReportReporter -->
<testsuite hostname="Aryan-PC" name="com.flipkart.tests.SuperTest" tests="1" failures="0" timestamp="15 Feb 2016 06:24:16 GMT" time="0.007" errors="0">
  <testcase name="donothing" time="0.007" classname="com.flipkart.tests.SuperTest"/>
</testsuite> <!-- com.flipkart.tests.SuperTest -->
